<?xml version="1.0" encoding="utf-8"?><testsuites name="pytest tests"><testsuite name="pytest" errors="0" failures="0" skipped="0" tests="3" time="7.770" timestamp="2026-07-24T14:54:13.386688+00:00" hostname="agent-env-a84d9224-c5f7-4586-b07f-c6eb61db1d55"><testcase classname="backend.tests.backend_test.TestHealth" name="test_health_ok" time="0.208" /><testcase classname="backend.tests.backend_test.TestAIExplanation" name="test_ai_explanation_success" time="7.342" /><testcase classname="backend.tests.backend_test.TestAIExplanation" name="test_ai_explanation_validation_error" time="0.117" /></testsuite></testsuites>